
Copyright (C) 1994-2023 Synopsys, Inc.
This Synopsys software and all associated documentation are proprietary to Synopsys, Inc.
and may only be used pursuant to the terms and conditions of a written license agreement
with Synopsys, Inc. All other use, reproduction, modification, or distribution of the
Synopsys software or the associated documentation is strictly prohibited.
Tool: Synplify Pro (R)
Build: V-2023.09L-2
Install: C:\lscc\diamond\3.14\synpbase
OS: Windows 10 or later
Hostname: DESKTOP-0S2UTBE

Implementation : impl1

# Written on Sun Jun  8 21:15:19 2025

##### DESIGN INFO #######################################################

Top View:                "t2mi_pps_top"
Constraint File(s):      (none)




##### SUMMARY ############################################################

Found 0 issues in 0 out of 0 constraints


##### DETAILS ############################################################



Clock Relationships
*******************

Starting                    Ending                      |     rise to rise     |     fall to fall     |     rise to fall     |     fall to rise                     
-------------------------------------------------------------------------------------------------------------------------------------------------------------------
t2mi_pps_top|clk_100mhz     t2mi_pps_top|clk_100mhz     |     3.184            |     No paths         |     No paths         |     No paths                         
===================================================================================================================================================================
 Note: 'No paths' indicates there are no paths in the design for that pair of clock edges.
       'Diff grp' indicates that paths exist but the starting clock and ending clock are in different clock groups.


Unconstrained Start/End Points
******************************

p:debug_status[0]
p:debug_status[1]
p:debug_status[2]
p:debug_status[3]
p:debug_status[4]
p:debug_status[5]
p:debug_status[6]
p:debug_status[7]
p:led_error
p:led_power
p:led_pps
p:led_sync
p:pps_out
p:rst_n
p:sync_locked
p:t2mi_clk
p:t2mi_data[0]
p:t2mi_data[1]
p:t2mi_data[2]
p:t2mi_data[3]
p:t2mi_data[4]
p:t2mi_data[5]
p:t2mi_data[6]
p:t2mi_data[7]
p:t2mi_sync
p:t2mi_valid
p:timestamp_valid


Inapplicable constraints
************************

(none)


Applicable constraints with issues
**********************************

(none)


Constraints with matching wildcard expressions
**********************************************

(none)


Library Report
**************


# End of Constraint Checker Report
