{
"Synplify Pro (R) Job Log" : {
	"Date" : "21:15:34    08-Jun-2025",
	"Working Directory" : "C:/Users/SHIWA/Desktop/t2mi_pps_project/impl1",
	"Install" : "C:/lscc/diamond/3.14/synpbase"
},
"impl1" :{
   "Job Flow" : "Sequential",
   "Start Time" : "21:15:09",
   "Runtime" : "25s",
   "Executable Run Time" : "23s",
   "synthesis" : {
      "Job Flow" : "Sequential",
      "Start Time" : "21:15:09",
      "Runtime" : "25s",
      "Executable Run Time" : "23s",
      "compile" : {
         "Job Flow" : "Sequential",
         "Start Time" : "21:15:09",
         "Runtime" : "11s",
         "Executable Run Time" : "09s",
         "compile_flow" : {
            "Job Flow" : "Sequential",
            "Start Time" : "21:15:09",
            "Runtime" : "06s",
            "Executable Run Time" : "05s",
            "compiler" : {
               "executable" : "bin64/c_hdl.exe",
               "Run Directory" : "C:/Users/SHIWA/Desktop/t2mi_pps_project/impl1",
               "Run State" : "Complete",
               "Return Code" : "0",
               "Has Errors" : "no",
               "Run Start Time" : "21:15:09",
               "Run Time" : "05s",
               "Exe Run Time" : "04s",
               "Memory Usage" : "-",
               "Up-to-date (run skipped)" : "no"
            },
            "multi_srs_gen" : {
               "executable" : "bin64/syn_nfilter.exe",
               "Run Directory" : "C:/Users/SHIWA/Desktop/t2mi_pps_project/impl1",
               "Run State" : "Complete",
               "Return Code" : "0",
               "Has Errors" : "no",
               "Run Start Time" : "21:15:14",
               "Run Time" : "01s",
               "Exe Run Time" : "01s",
               "Memory Usage" : "-",
               "Up-to-date (run skipped)" : "no"
            }
         },
         "premap" : {
            "executable" : "bin64/m_gen_lattice.exe",
            "Run Directory" : "C:/Users/SHIWA/Desktop/t2mi_pps_project/impl1",
            "Run State" : "Complete",
            "Return Code" : "1",
            "Has Errors" : "no",
            "Run Start Time" : "21:15:15",
            "Run Time" : "05s",
            "Exe Run Time" : "04s",
            "Memory Usage" : "-",
            "Up-to-date (run skipped)" : "no"
         }
      },
      "map" : {
         "Job Flow" : "Sequential",
         "Start Time" : "21:15:20",
         "Runtime" : "14s",
         "Executable Run Time" : "14s",
         "fpga_mapper" : {
            "executable" : "bin64/m_gen_lattice.exe",
            "Run Directory" : "C:/Users/SHIWA/Desktop/t2mi_pps_project/impl1",
            "Run State" : "Complete",
            "Return Code" : "1",
            "Has Errors" : "no",
            "Run Start Time" : "21:15:20",
            "Run Time" : "14s",
            "Exe Run Time" : "14s",
            "Memory Usage" : "-",
            "Up-to-date (run skipped)" : "no"
         }
      }
   }
}
}